# JRE version: Java(TM) SE Runtime Environment (8.0_161-b12) (build 1.8.0_161-b12)
# Java VM: Java HotSpot(TM) 64-Bit Server VM (25.161-b12 mixed mode windows-amd64 compressed oops)
Heap:
 PSYoungGen      total 845312K, used 40921K [0x000000076b700000, 0x000000079ff80000, 0x00000007c0000000)
  eden space 830976K, 4% used [0x000000076b700000,0x000000076def6670,0x000000079e280000)
  from space 14336K, 0% used [0x000000079f180000,0x000000079f180000,0x000000079ff80000)
  to   space 14848K, 0% used [0x000000079e280000,0x000000079e280000,0x000000079f100000)
 ParOldGen       total 97792K, used 14604K [0x00000006c2400000, 0x00000006c8380000, 0x000000076b700000)
  object space 97792K, 14% used [0x00000006c2400000,0x00000006c32430e8,0x00000006c8380000)
 Metaspace       used 19467K, capacity 21346K, committed 21552K, reserved 1069056K
  class space    used 2395K, capacity 2815K, committed 2816K, reserved 1048576K
GC Heap History (10 events):
Event: 7.297 GC heap before
{Heap before GC invocations=7 (full 0):
 PSYoungGen      total 272384K, used 270970K [0x000000076b700000, 0x000000077cd00000, 0x00000007c0000000)
  eden space 260096K, 100% used [0x000000076b700000,0x000000077b500000,0x000000077b500000)
  from space 12288K, 88% used [0x000000077c100000,0x000000077cb9e8e8,0x000000077cd00000)
  to   space 12288K, 0% used [0x000000077b500000,0x000000077b500000,0x000000077c100000)
 ParOldGen       total 173568K, used 776K [0x00000006c2400000, 0x00000006ccd80000, 0x000000076b700000)
  object space 173568K, 0% used [0x00000006c2400000,0x00000006c24c2000,0x00000006ccd80000)
 Metaspace       used 17064K, capacity 18458K, committed 18560K, reserved 1064960K
  class space    used 2096K, capacity 2413K, committed 2432K, reserved 1048576K
Event: 7.304 GC heap after
Heap after GC invocations=7 (full 0):
 PSYoungGen      total 272384K, used 3551K [0x000000076b700000, 0x000000078cd00000, 0x00000007c0000000)
  eden space 260096K, 0% used [0x000000076b700000,0x000000076b700000,0x000000077b500000)
  from space 12288K, 28% used [0x000000077b500000,0x000000077b877d50,0x000000077c100000)
  to   space 13312K, 0% used [0x000000078c000000,0x000000078c000000,0x000000078cd00000)
 ParOldGen       total 173568K, used 8195K [0x00000006c2400000, 0x00000006ccd80000, 0x000000076b700000)
  object space 173568K, 4% used [0x00000006c2400000,0x00000006c2c00f58,0x00000006ccd80000)
 Metaspace       used 17064K, capacity 18458K, committed 18560K, reserved 1064960K
  class space    used 2096K, capacity 2413K, committed 2432K, reserved 1048576K
}
Event: 7.424 GC heap before
{Heap before GC invocations=8 (full 0):
 PSYoungGen      total 272384K, used 263647K [0x000000076b700000, 0x000000078cd00000, 0x00000007c0000000)
  eden space 260096K, 100% used [0x000000076b700000,0x000000077b500000,0x000000077b500000)
  from space 12288K, 28% used [0x000000077b500000,0x000000077b877d50,0x000000077c100000)
  to   space 13312K, 0% used [0x000000078c000000,0x000000078c000000,0x000000078cd00000)
 ParOldGen       total 173568K, used 8195K [0x00000006c2400000, 0x00000006ccd80000, 0x000000076b700000)
  object space 173568K, 4% used [0x00000006c2400000,0x00000006c2c00f58,0x00000006ccd80000)
 Metaspace       used 17064K, capacity 18458K, committed 18560K, reserved 1064960K
  class space    used 2096K, capacity 2413K, committed 2432K, reserved 1048576K
Event: 7.427 GC heap after
Heap after GC invocations=8 (full 0):
 PSYoungGen      total 532480K, used 1248K [0x000000076b700000, 0x000000078cf00000, 0x00000007c0000000)
  eden space 519168K, 0% used [0x000000076b700000,0x000000076b700000,0x000000078b200000)
  from space 13312K, 9% used [0x000000078c000000,0x000000078c138000,0x000000078cd00000)
  to   space 14336K, 0% used [0x000000078b200000,0x000000078b200000,0x000000078c000000)
 ParOldGen       total 173568K, used 10675K [0x00000006c2400000, 0x00000006ccd80000, 0x000000076b700000)
  object space 173568K, 6% used [0x00000006c2400000,0x00000006c2e6cca8,0x00000006ccd80000)
 Metaspace       used 17064K, capacity 18458K, committed 18560K, reserved 1064960K
  class space    used 2096K, capacity 2413K, committed 2432K, reserved 1048576K
}
Event: 7.730 GC heap before
{Heap before GC invocations=9 (full 0):
 PSYoungGen      total 532480K, used 520416K [0x000000076b700000, 0x000000078cf00000, 0x00000007c0000000)
  eden space 519168K, 100% used [0x000000076b700000,0x000000078b200000,0x000000078b200000)
  from space 13312K, 9% used [0x000000078c000000,0x000000078c138000,0x000000078cd00000)
  to   space 14336K, 0% used [0x000000078b200000,0x000000078b200000,0x000000078c000000)
 ParOldGen       total 173568K, used 10675K [0x00000006c2400000, 0x00000006ccd80000, 0x000000076b700000)
  object space 173568K, 6% used [0x00000006c2400000,0x00000006c2e6cca8,0x00000006ccd80000)
 Metaspace       used 17064K, capacity 18458K, committed 18560K, reserved 1064960K
  class space    used 2096K, capacity 2413K, committed 2432K, reserved 1048576K
Event: 7.732 GC heap after
Heap after GC invocations=9 (full 0):
 PSYoungGen      total 533504K, used 352K [0x000000076b700000, 0x00000007a0080000, 0x00000007c0000000)
  eden space 519168K, 0% used [0x000000076b700000,0x000000076b700000,0x000000078b200000)
  from space 14336K, 2% used [0x000000078b200000,0x000000078b258000,0x000000078c000000)
  to   space 15360K, 0% used [0x000000079f180000,0x000000079f180000,0x00000007a0080000)
 ParOldGen       total 173568K, used 11686K [0x00000006c2400000, 0x00000006ccd80000, 0x000000076b700000)
  object space 173568K, 6% used [0x00000006c2400000,0x00000006c2f69a48,0x00000006ccd80000)
 Metaspace       used 17064K, capacity 18458K, committed 18560K, reserved 1064960K
  class space    used 2096K, capacity 2413K, committed 2432K, reserved 1048576K
}
Event: 8.973 GC heap before
{Heap before GC invocations=10 (full 0):
 PSYoungGen      total 533504K, used 405506K [0x000000076b700000, 0x00000007a0080000, 0x00000007c0000000)
  eden space 519168K, 78% used [0x000000076b700000,0x00000007842a8a28,0x000000078b200000)
  from space 14336K, 2% used [0x000000078b200000,0x000000078b258000,0x000000078c000000)
  to   space 15360K, 0% used [0x000000079f180000,0x000000079f180000,0x00000007a0080000)
 ParOldGen       total 173568K, used 11686K [0x00000006c2400000, 0x00000006ccd80000, 0x000000076b700000)
  object space 173568K, 6% used [0x00000006c2400000,0x00000006c2f69a48,0x00000006ccd80000)
 Metaspace       used 19445K, capacity 21282K, committed 21296K, reserved 1069056K
  class space    used 2391K, capacity 2815K, committed 2816K, reserved 1048576K
Event: 8.978 GC heap after
Heap after GC invocations=10 (full 0):
 PSYoungGen      total 845312K, used 4871K [0x000000076b700000, 0x000000079ff80000, 0x00000007c0000000)
  eden space 830976K, 0% used [0x000000076b700000,0x000000076b700000,0x000000079e280000)
  from space 14336K, 33% used [0x000000079f180000,0x000000079f641cf0,0x000000079ff80000)
  to   space 14848K, 0% used [0x000000079e280000,0x000000079e280000,0x000000079f100000)
 ParOldGen       total 173568K, used 11862K [0x00000006c2400000, 0x00000006ccd80000, 0x000000076b700000)
  object space 173568K, 6% used [0x00000006c2400000,0x00000006c2f95a48,0x00000006ccd80000)
 Metaspace       used 19445K, capacity 21282K, committed 21296K, reserved 1069056K
  class space    used 2391K, capacity 2815K, committed 2816K, reserved 1048576K
}
Event: 8.978 GC heap before
{Heap before GC invocations=11 (full 1):
 PSYoungGen      total 845312K, used 4871K [0x000000076b700000, 0x000000079ff80000, 0x00000007c0000000)
  eden space 830976K, 0% used [0x000000076b700000,0x000000076b700000,0x000000079e280000)
  from space 14336K, 33% used [0x000000079f180000,0x000000079f641cf0,0x000000079ff80000)
  to   space 14848K, 0% used [0x000000079e280000,0x000000079e280000,0x000000079f100000)
 ParOldGen       total 173568K, used 11862K [0x00000006c2400000, 0x00000006ccd80000, 0x000000076b700000)
  object space 173568K, 6% used [0x00000006c2400000,0x00000006c2f95a48,0x00000006ccd80000)
 Metaspace       used 19445K, capacity 21282K, committed 21296K, reserved 1069056K
  class space    used 2391K, capacity 2815K, committed 2816K, reserved 1048576K
Event: 9.033 GC heap after
Heap after GC invocations=11 (full 1):
 PSYoungGen      total 845312K, used 0K [0x000000076b700000, 0x000000079ff80000, 0x00000007c0000000)
  eden space 830976K, 0% used [0x000000076b700000,0x000000076b700000,0x000000079e280000)
  from space 14336K, 0% used [0x000000079f180000,0x000000079f180000,0x000000079ff80000)
  to   space 14848K, 0% used [0x000000079e280000,0x000000079e280000,0x000000079f100000)
 ParOldGen       total 97792K, used 14604K [0x00000006c2400000, 0x00000006c8380000, 0x000000076b700000)
  object space 97792K, 14% used [0x00000006c2400000,0x00000006c32430e8,0x00000006c8380000)
 Metaspace       used 19445K, capacity 21282K, committed 21296K, reserved 1069056K
  class space    used 2391K, capacity 2815K, committed 2816K, reserved 1048576K
}

